# JRE version: OpenJDK Runtime Environment (8.0_242) (build 1.8.0_242-release-1644-b3-6222593)
# Java VM: OpenJDK 64-Bit Server VM (25.242-b3-6222593 mixed mode bsd-amd64 compressed oops)
Heap:
 PSYoungGen      total 576512K, used 80252K [0x0000000795580000, 0x00000007c0000000, 0x00000007c0000000)
  eden space 496128K, 0% used [0x0000000795580000,0x0000000795580000,0x00000007b3a00000)
  from space 80384K, 99% used [0x00000007b3a00000,0x00000007b885f290,0x00000007b8880000)
  to   space 108544K, 0% used [0x00000007b9600000,0x00000007b9600000,0x00000007c0000000)
 ParOldGen       total 466944K, used 438516K [0x0000000740000000, 0x000000075c800000, 0x0000000795580000)
  object space 466944K, 93% used [0x0000000740000000,0x000000075ac3d090,0x000000075c800000)
 Metaspace       used 324394K, capacity 337858K, committed 338328K, reserved 1345536K
  class space    used 38518K, capacity 41268K, committed 41384K, reserved 1048576K
GC Heap History (10 events):
Event: 4944.260 GC heap after
Heap after GC invocations=114 (full 9):
 PSYoungGen      total 572416K, used 18980K [0x0000000795580000, 0x00000007bf480000, 0x00000007c0000000)
  eden space 466432K, 0% used [0x0000000795580000,0x0000000795580000,0x00000007b1d00000)
  from space 105984K, 17% used [0x00000007b1d00000,0x00000007b2f89030,0x00000007b8480000)
  to   space 102400K, 0% used [0x00000007b9080000,0x00000007b9080000,0x00000007bf480000)
 ParOldGen       total 466944K, used 413942K [0x0000000740000000, 0x000000075c800000, 0x0000000795580000)
  object space 466944K, 88% used [0x0000000740000000,0x000000075943db00,0x000000075c800000)
 Metaspace       used 302857K, capacity 315864K, committed 316184K, reserved 1327104K
  class space    used 36016K, capacity 38639K, committed 38696K, reserved 1048576K
}
Event: 5006.916 GC heap before
{Heap before GC invocations=115 (full 9):
 PSYoungGen      total 572416K, used 485412K [0x0000000795580000, 0x00000007bf480000, 0x00000007c0000000)
  eden space 466432K, 100% used [0x0000000795580000,0x00000007b1d00000,0x00000007b1d00000)
  from space 105984K, 17% used [0x00000007b1d00000,0x00000007b2f89030,0x00000007b8480000)
  to   space 102400K, 0% used [0x00000007b9080000,0x00000007b9080000,0x00000007bf480000)
 ParOldGen       total 466944K, used 413942K [0x0000000740000000, 0x000000075c800000, 0x0000000795580000)
  object space 466944K, 88% used [0x0000000740000000,0x000000075943db00,0x000000075c800000)
 Metaspace       used 308771K, capacity 321872K, committed 322328K, reserved 1333248K
  class space    used 36720K, capacity 39381K, committed 39464K, reserved 1048576K
Event: 5007.174 GC heap after
Heap after GC invocations=115 (full 9):
 PSYoungGen      total 588288K, used 16720K [0x0000000795580000, 0x00000007bf580000, 0x00000007c0000000)
  eden space 485888K, 0% used [0x0000000795580000,0x0000000795580000,0x00000007b3000000)
  from space 102400K, 16% used [0x00000007b9080000,0x00000007ba0d4338,0x00000007bf480000)
  to   space 98816K, 0% used [0x00000007b3000000,0x00000007b3000000,0x00000007b9080000)
 ParOldGen       total 466944K, used 415852K [0x0000000740000000, 0x000000075c800000, 0x0000000795580000)
  object space 466944K, 89% used [0x0000000740000000,0x000000075961b388,0x000000075c800000)
 Metaspace       used 308771K, capacity 321872K, committed 322328K, reserved 1333248K
  class space    used 36720K, capacity 39381K, committed 39464K, reserved 1048576K
}
Event: 5011.096 GC heap before
{Heap before GC invocations=116 (full 9):
 PSYoungGen      total 588288K, used 502608K [0x0000000795580000, 0x00000007bf580000, 0x00000007c0000000)
  eden space 485888K, 100% used [0x0000000795580000,0x00000007b3000000,0x00000007b3000000)
  from space 102400K, 16% used [0x00000007b9080000,0x00000007ba0d4338,0x00000007bf480000)
  to   space 98816K, 0% used [0x00000007b3000000,0x00000007b3000000,0x00000007b9080000)
 ParOldGen       total 466944K, used 415852K [0x0000000740000000, 0x000000075c800000, 0x0000000795580000)
  object space 466944K, 89% used [0x0000000740000000,0x000000075961b388,0x000000075c800000)
 Metaspace       used 310678K, capacity 323946K, committed 324248K, reserved 1333248K
  class space    used 36914K, capacity 39582K, committed 39592K, reserved 1048576K
Event: 5011.333 GC heap after
Heap after GC invocations=116 (full 9):
 PSYoungGen      total 584704K, used 64094K [0x0000000795580000, 0x00000007c0000000, 0x00000007c0000000)
  eden space 485888K, 0% used [0x0000000795580000,0x0000000795580000,0x00000007b3000000)
  from space 98816K, 64% used [0x00000007b3000000,0x00000007b6e97a18,0x00000007b9080000)
  to   space 103936K, 0% used [0x00000007b9a80000,0x00000007b9a80000,0x00000007c0000000)
 ParOldGen       total 466944K, used 425744K [0x0000000740000000, 0x000000075c800000, 0x0000000795580000)
  object space 466944K, 91% used [0x0000000740000000,0x0000000759fc41d0,0x000000075c800000)
 Metaspace       used 310678K, capacity 323946K, committed 324248K, reserved 1333248K
  class space    used 36914K, capacity 39582K, committed 39592K, reserved 1048576K
}
Event: 5045.814 GC heap before
{Heap before GC invocations=117 (full 9):
 PSYoungGen      total 584704K, used 549982K [0x0000000795580000, 0x00000007c0000000, 0x00000007c0000000)
  eden space 485888K, 100% used [0x0000000795580000,0x00000007b3000000,0x00000007b3000000)
  from space 98816K, 64% used [0x00000007b3000000,0x00000007b6e97a18,0x00000007b9080000)
  to   space 103936K, 0% used [0x00000007b9a80000,0x00000007b9a80000,0x00000007c0000000)
 ParOldGen       total 466944K, used 425744K [0x0000000740000000, 0x000000075c800000, 0x0000000795580000)
  object space 466944K, 91% used [0x0000000740000000,0x0000000759fc41d0,0x000000075c800000)
 Metaspace       used 316626K, capacity 329962K, committed 330392K, reserved 1339392K
  class space    used 37619K, capacity 40324K, committed 40360K, reserved 1048576K
Event: 5046.022 GC heap after
Heap after GC invocations=117 (full 9):
 PSYoungGen      total 593920K, used 29590K [0x0000000795580000, 0x00000007bfa00000, 0x00000007c0000000)
  eden space 496128K, 0% used [0x0000000795580000,0x0000000795580000,0x00000007b3a00000)
  from space 97792K, 30% used [0x00000007b9a80000,0x00000007bb765800,0x00000007bfa00000)
  to   space 98304K, 0% used [0x00000007b3a00000,0x00000007b3a00000,0x00000007b9a00000)
 ParOldGen       total 466944K, used 427445K [0x0000000740000000, 0x000000075c800000, 0x0000000795580000)
  object space 466944K, 91% used [0x0000000740000000,0x000000075a16d680,0x000000075c800000)
 Metaspace       used 316626K, capacity 329962K, committed 330392K, reserved 1339392K
  class space    used 37619K, capacity 40324K, committed 40360K, reserved 1048576K
}
Event: 5049.435 GC heap before
{Heap before GC invocations=118 (full 9):
 PSYoungGen      total 593920K, used 525718K [0x0000000795580000, 0x00000007bfa00000, 0x00000007c0000000)
  eden space 496128K, 100% used [0x0000000795580000,0x00000007b3a00000,0x00000007b3a00000)
  from space 97792K, 30% used [0x00000007b9a80000,0x00000007bb765800,0x00000007bfa00000)
  to   space 98304K, 0% used [0x00000007b3a00000,0x00000007b3a00000,0x00000007b9a00000)
 ParOldGen       total 466944K, used 427445K [0x0000000740000000, 0x000000075c800000, 0x0000000795580000)
  object space 466944K, 91% used [0x0000000740000000,0x000000075a16d680,0x000000075c800000)
 Metaspace       used 324394K, capacity 337858K, committed 338328K, reserved 1345536K
  class space    used 38518K, capacity 41268K, committed 41384K, reserved 1048576K
Event: 5049.663 GC heap after
Heap after GC invocations=118 (full 9):
 PSYoungGen      total 576512K, used 80252K [0x0000000795580000, 0x00000007c0000000, 0x00000007c0000000)
  eden space 496128K, 0% used [0x0000000795580000,0x0000000795580000,0x00000007b3a00000)
  from space 80384K, 99% used [0x00000007b3a00000,0x00000007b885f290,0x00000007b8880000)
  to   space 108544K, 0% used [0x00000007b9600000,0x00000007b9600000,0x00000007c0000000)
 ParOldGen       total 466944K, used 438516K [0x0000000740000000, 0x000000075c800000, 0x0000000795580000)
  object space 466944K, 93% used [0x0000000740000000,0x000000075ac3d090,0x000000075c800000)
 Metaspace       used 324394K, capacity 337858K, committed 338328K, reserved 1345536K
  class space    used 38518K, capacity 41268K, committed 41384K, reserved 1048576K
}
Event: 5049.663 GC heap before
{Heap before GC invocations=119 (full 10):
 PSYoungGen      total 576512K, used 80252K [0x0000000795580000, 0x00000007c0000000, 0x00000007c0000000)
  eden space 496128K, 0% used [0x0000000795580000,0x0000000795580000,0x00000007b3a00000)
  from space 80384K, 99% used [0x00000007b3a00000,0x00000007b885f290,0x00000007b8880000)
  to   space 108544K, 0% used [0x00000007b9600000,0x00000007b9600000,0x00000007c0000000)
 ParOldGen       total 466944K, used 438516K [0x0000000740000000, 0x000000075c800000, 0x0000000795580000)
  object space 466944K, 93% used [0x0000000740000000,0x000000075ac3d090,0x000000075c800000)
 Metaspace       used 324394K, capacity 337858K, committed 338328K, reserved 1345536K
  class space    used 38518K, capacity 41268K, committed 41384K, reserved 1048576K

