# JRE version: OpenJDK Runtime Environment (8.0_242) (build 1.8.0_242-release-1644-b3-6222593)
# Java VM: OpenJDK 64-Bit Server VM (25.242-b3-6222593 mixed mode bsd-amd64 compressed oops)
Heap:
 PSYoungGen      total 481280K, used 481276K [0x0000000795580000, 0x00000007c0000000, 0x00000007c0000000)
  eden space 332288K, 100% used [0x0000000795580000,0x00000007a9a00000,0x00000007a9a00000)
  from space 148992K, 99% used [0x00000007b6e80000,0x00000007bffff258,0x00000007c0000000)
  to   space 183296K, 59% used [0x00000007a9a00000,0x00000007b0517f20,0x00000007b4d00000)
 ParOldGen       total 1398272K, used 1307778K [0x0000000740000000, 0x0000000795580000, 0x0000000795580000)
  object space 1398272K, 93% used [0x0000000740000000,0x000000078fd20910,0x0000000795580000)
 Metaspace       used 282604K, capacity 294750K, committed 347288K, reserved 1353728K
  class space    used 33389K, capacity 35422K, committed 43184K, reserved 1048576K
GC Heap History (10 events):
Event: 9210.098 GC heap after
Heap after GC invocations=150 (full 8):
 PSYoungGen      total 586240K, used 42866K [0x0000000795580000, 0x00000007c0000000, 0x00000007c0000000)
  eden space 500224K, 0% used [0x0000000795580000,0x0000000795580000,0x00000007b3e00000)
  from space 86016K, 49% used [0x00000007bac00000,0x00000007bd5dc8f0,0x00000007c0000000)
  to   space 99328K, 0% used [0x00000007b3e00000,0x00000007b3e00000,0x00000007b9f00000)
 ParOldGen       total 393728K, used 154185K [0x0000000740000000, 0x0000000758080000, 0x0000000795580000)
  object space 393728K, 39% used [0x0000000740000000,0x0000000749692538,0x0000000758080000)
 Metaspace       used 266332K, capacity 278226K, committed 347288K, reserved 1353728K
  class space    used 31544K, capacity 33530K, committed 43184K, reserved 1048576K
}
Event: 9288.911 GC heap before
{Heap before GC invocations=151 (full 8):
 PSYoungGen      total 586240K, used 543090K [0x0000000795580000, 0x00000007c0000000, 0x00000007c0000000)
  eden space 500224K, 100% used [0x0000000795580000,0x00000007b3e00000,0x00000007b3e00000)
  from space 86016K, 49% used [0x00000007bac00000,0x00000007bd5dc8f0,0x00000007c0000000)
  to   space 99328K, 0% used [0x00000007b3e00000,0x00000007b3e00000,0x00000007b9f00000)
 ParOldGen       total 393728K, used 154185K [0x0000000740000000, 0x0000000758080000, 0x0000000795580000)
  object space 393728K, 39% used [0x0000000740000000,0x0000000749692538,0x0000000758080000)
 Metaspace       used 266378K, capacity 278294K, committed 347288K, reserved 1353728K
  class space    used 31544K, capacity 33530K, committed 43184K, reserved 1048576K
Event: 9289.078 GC heap after
Heap after GC invocations=151 (full 8):
 PSYoungGen      total 599552K, used 54469K [0x0000000795580000, 0x00000007c0000000, 0x00000007c0000000)
  eden space 500224K, 0% used [0x0000000795580000,0x0000000795580000,0x00000007b3e00000)
  from space 99328K, 54% used [0x00000007b3e00000,0x00000007b73316d8,0x00000007b9f00000)
  to   space 97792K, 0% used [0x00000007ba080000,0x00000007ba080000,0x00000007c0000000)
 ParOldGen       total 393728K, used 154185K [0x0000000740000000, 0x0000000758080000, 0x0000000795580000)
  object space 393728K, 39% used [0x0000000740000000,0x0000000749692538,0x0000000758080000)
 Metaspace       used 266378K, capacity 278294K, committed 347288K, reserved 1353728K
  class space    used 31544K, capacity 33530K, committed 43184K, reserved 1048576K
}
Event: 9291.383 GC heap before
{Heap before GC invocations=152 (full 8):
 PSYoungGen      total 599552K, used 554693K [0x0000000795580000, 0x00000007c0000000, 0x00000007c0000000)
  eden space 500224K, 100% used [0x0000000795580000,0x00000007b3e00000,0x00000007b3e00000)
  from space 99328K, 54% used [0x00000007b3e00000,0x00000007b73316d8,0x00000007b9f00000)
  to   space 97792K, 0% used [0x00000007ba080000,0x00000007ba080000,0x00000007c0000000)
 ParOldGen       total 393728K, used 154185K [0x0000000740000000, 0x0000000758080000, 0x0000000795580000)
  object space 393728K, 39% used [0x0000000740000000,0x0000000749692538,0x0000000758080000)
 Metaspace       used 274461K, capacity 286516K, committed 347288K, reserved 1353728K
  class space    used 32466K, capacity 34475K, committed 43184K, reserved 1048576K
Event: 9291.912 GC heap after
Heap after GC invocations=152 (full 8):
 PSYoungGen      total 519168K, used 97769K [0x0000000795580000, 0x00000007c0000000, 0x00000007c0000000)
  eden space 421376K, 0% used [0x0000000795580000,0x0000000795580000,0x00000007af100000)
  from space 97792K, 99% used [0x00000007ba080000,0x00000007bfffa760,0x00000007c0000000)
  to   space 138752K, 0% used [0x00000007af100000,0x00000007af100000,0x00000007b7880000)
 ParOldGen       total 393728K, used 227194K [0x0000000740000000, 0x0000000758080000, 0x0000000795580000)
  object space 393728K, 57% used [0x0000000740000000,0x000000074dddeaf8,0x0000000758080000)
 Metaspace       used 274461K, capacity 286516K, committed 347288K, reserved 1353728K
  class space    used 32466K, capacity 34475K, committed 43184K, reserved 1048576K
}
Event: 9411.275 GC heap before
{Heap before GC invocations=153 (full 8):
 PSYoungGen      total 519168K, used 519145K [0x0000000795580000, 0x00000007c0000000, 0x00000007c0000000)
  eden space 421376K, 100% used [0x0000000795580000,0x00000007af100000,0x00000007af100000)
  from space 97792K, 99% used [0x00000007ba080000,0x00000007bfffa760,0x00000007c0000000)
  to   space 138752K, 0% used [0x00000007af100000,0x00000007af100000,0x00000007b7880000)
 ParOldGen       total 393728K, used 227194K [0x0000000740000000, 0x0000000758080000, 0x0000000795580000)
  object space 393728K, 57% used [0x0000000740000000,0x000000074dddeaf8,0x0000000758080000)
 Metaspace       used 274504K, capacity 286528K, committed 347288K, reserved 1353728K
  class space    used 32467K, capacity 34477K, committed 43184K, reserved 1048576K
Event: 9411.362 GC heap after
Heap after GC invocations=153 (full 8):
 PSYoungGen      total 529408K, used 107594K [0x0000000795580000, 0x00000007c0000000, 0x00000007c0000000)
  eden space 421376K, 0% used [0x0000000795580000,0x0000000795580000,0x00000007af100000)
  from space 108032K, 99% used [0x00000007af100000,0x00000007b5a12a78,0x00000007b5a80000)
  to   space 148992K, 0% used [0x00000007b6e80000,0x00000007b6e80000,0x00000007c0000000)
 ParOldGen       total 393728K, used 227194K [0x0000000740000000, 0x0000000758080000, 0x0000000795580000)
  object space 393728K, 57% used [0x0000000740000000,0x000000074dddeaf8,0x0000000758080000)
 Metaspace       used 274504K, capacity 286528K, committed 347288K, reserved 1353728K
  class space    used 32467K, capacity 34477K, committed 43184K, reserved 1048576K
}
Event: 9413.051 GC heap before
{Heap before GC invocations=154 (full 8):
 PSYoungGen      total 529408K, used 528970K [0x0000000795580000, 0x00000007c0000000, 0x00000007c0000000)
  eden space 421376K, 100% used [0x0000000795580000,0x00000007af100000,0x00000007af100000)
  from space 108032K, 99% used [0x00000007af100000,0x00000007b5a12a78,0x00000007b5a80000)
  to   space 148992K, 0% used [0x00000007b6e80000,0x00000007b6e80000,0x00000007c0000000)
 ParOldGen       total 393728K, used 227194K [0x0000000740000000, 0x0000000758080000, 0x0000000795580000)
  object space 393728K, 57% used [0x0000000740000000,0x000000074dddeaf8,0x0000000758080000)
 Metaspace       used 281481K, capacity 293598K, committed 347288K, reserved 1353728K
  class space    used 33282K, capacity 35320K, committed 43184K, reserved 1048576K
Event: 9413.374 GC heap after
Heap after GC invocations=154 (full 8):
 PSYoungGen      total 481280K, used 148988K [0x0000000795580000, 0x00000007c0000000, 0x00000007c0000000)
  eden space 332288K, 0% used [0x0000000795580000,0x0000000795580000,0x00000007a9a00000)
  from space 148992K, 99% used [0x00000007b6e80000,0x00000007bffff258,0x00000007c0000000)
  to   space 183296K, 0% used [0x00000007a9a00000,0x00000007a9a00000,0x00000007b4d00000)
 ParOldGen       total 393728K, used 257927K [0x0000000740000000, 0x0000000758080000, 0x0000000795580000)
  object space 393728K, 65% used [0x0000000740000000,0x000000074fbe1cb0,0x0000000758080000)
 Metaspace       used 281481K, capacity 293598K, committed 347288K, reserved 1353728K
  class space    used 33282K, capacity 35320K, committed 43184K, reserved 1048576K
}
Event: 9514.747 GC heap before
{Heap before GC invocations=155 (full 8):
 PSYoungGen      total 481280K, used 481276K [0x0000000795580000, 0x00000007c0000000, 0x00000007c0000000)
  eden space 332288K, 100% used [0x0000000795580000,0x00000007a9a00000,0x00000007a9a00000)
  from space 148992K, 99% used [0x00000007b6e80000,0x00000007bffff258,0x00000007c0000000)
  to   space 183296K, 0% used [0x00000007a9a00000,0x00000007a9a00000,0x00000007b4d00000)
 ParOldGen       total 393728K, used 257927K [0x0000000740000000, 0x0000000758080000, 0x0000000795580000)
  object space 393728K, 65% used [0x0000000740000000,0x000000074fbe1cb0,0x0000000758080000)
 Metaspace       used 282604K, capacity 294750K, committed 347288K, reserved 1353728K
  class space    used 33389K, capacity 35422K, committed 43184K, reserved 1048576K

