# JRE version: OpenJDK Runtime Environment (8.0_242) (build 1.8.0_242-release-1644-b3-6222593)
# Java VM: OpenJDK 64-Bit Server VM (25.242-b3-6222593 mixed mode bsd-amd64 compressed oops)
Heap:
 PSYoungGen      total 524288K, used 11136K [0x0000000795580000, 0x00000007c0000000, 0x00000007c0000000)
  eden space 354816K, 3% used [0x0000000795580000,0x0000000796060068,0x00000007ab000000)
  from space 169472K, 0% used [0x00000007ab000000,0x00000007ab000000,0x00000007b5580000)
  to   space 171008K, 0% used [0x00000007b5900000,0x00000007b5900000,0x00000007c0000000)
 ParOldGen       total 365056K, used 119808K [0x0000000740000000, 0x0000000756480000, 0x0000000795580000)
  object space 365056K, 32% used [0x0000000740000000,0x0000000747500048,0x0000000756480000)
 Metaspace       used 191133K, capacity 201580K, committed 235776K, reserved 1255424K
  class space    used 22795K, capacity 24563K, committed 29440K, reserved 1048576K
GC Heap History (10 events):
Event: 8226.890 GC heap before
{Heap before GC invocations=113 (full 7):
 PSYoungGen      total 411136K, used 410670K [0x0000000795580000, 0x00000007bf480000, 0x00000007c0000000)
  eden space 346112K, 99% used [0x0000000795580000,0x00000007aa77db28,0x00000007aa780000)
  from space 65024K, 99% used [0x00000007aa780000,0x00000007ae68e030,0x00000007ae700000)
  to   space 170496K, 0% used [0x00000007b4e00000,0x00000007b4e00000,0x00000007bf480000)
 ParOldGen       total 342016K, used 292519K [0x0000000740000000, 0x0000000754e00000, 0x0000000795580000)
  object space 342016K, 85% used [0x0000000740000000,0x0000000751da9e58,0x0000000754e00000)
 Metaspace       used 224497K, capacity 235512K, committed 235904K, reserved 1257472K
  class space    used 26548K, capacity 28429K, committed 28544K, reserved 1048576K
Event: 8226.944 GC heap after
Heap after GC invocations=113 (full 7):
 PSYoungGen      total 519680K, used 59468K [0x0000000795580000, 0x00000007c0000000, 0x00000007c0000000)
  eden space 349184K, 0% used [0x0000000795580000,0x0000000795580000,0x00000007aaa80000)
  from space 170496K, 34% used [0x00000007b4e00000,0x00000007b8813158,0x00000007bf480000)
  to   space 167424K, 0% used [0x00000007aaa80000,0x00000007aaa80000,0x00000007b4e00000)
 ParOldGen       total 342016K, used 292551K [0x0000000740000000, 0x0000000754e00000, 0x0000000795580000)
  object space 342016K, 85% used [0x0000000740000000,0x0000000751db1e58,0x0000000754e00000)
 Metaspace       used 224497K, capacity 235512K, committed 235904K, reserved 1257472K
  class space    used 26548K, capacity 28429K, committed 28544K, reserved 1048576K
}
Event: 8396.626 GC heap before
{Heap before GC invocations=114 (full 7):
 PSYoungGen      total 519680K, used 408652K [0x0000000795580000, 0x00000007c0000000, 0x00000007c0000000)
  eden space 349184K, 100% used [0x0000000795580000,0x00000007aaa80000,0x00000007aaa80000)
  from space 170496K, 34% used [0x00000007b4e00000,0x00000007b8813158,0x00000007bf480000)
  to   space 167424K, 0% used [0x00000007aaa80000,0x00000007aaa80000,0x00000007b4e00000)
 ParOldGen       total 342016K, used 292551K [0x0000000740000000, 0x0000000754e00000, 0x0000000795580000)
  object space 342016K, 85% used [0x0000000740000000,0x0000000751db1e58,0x0000000754e00000)
 Metaspace       used 224520K, capacity 235512K, committed 235904K, reserved 1257472K
  class space    used 26548K, capacity 28429K, committed 28544K, reserved 1048576K
Event: 8396.766 GC heap after
Heap after GC invocations=114 (full 7):
 PSYoungGen      total 516608K, used 60064K [0x0000000795580000, 0x00000007bf500000, 0x00000007c0000000)
  eden space 349184K, 0% used [0x0000000795580000,0x0000000795580000,0x00000007aaa80000)
  from space 167424K, 35% used [0x00000007aaa80000,0x00000007ae528240,0x00000007b4e00000)
  to   space 163328K, 0% used [0x00000007b5580000,0x00000007b5580000,0x00000007bf500000)
 ParOldGen       total 342016K, used 292551K [0x0000000740000000, 0x0000000754e00000, 0x0000000795580000)
  object space 342016K, 85% used [0x0000000740000000,0x0000000751db1e58,0x0000000754e00000)
 Metaspace       used 224520K, capacity 235512K, committed 235904K, reserved 1257472K
  class space    used 26548K, capacity 28429K, committed 28544K, reserved 1048576K
}
Event: 8398.284 GC heap before
{Heap before GC invocations=115 (full 7):
 PSYoungGen      total 516608K, used 409248K [0x0000000795580000, 0x00000007bf500000, 0x00000007c0000000)
  eden space 349184K, 100% used [0x0000000795580000,0x00000007aaa80000,0x00000007aaa80000)
  from space 167424K, 35% used [0x00000007aaa80000,0x00000007ae528240,0x00000007b4e00000)
  to   space 163328K, 0% used [0x00000007b5580000,0x00000007b5580000,0x00000007bf500000)
 ParOldGen       total 342016K, used 292551K [0x0000000740000000, 0x0000000754e00000, 0x0000000795580000)
  object space 342016K, 85% used [0x0000000740000000,0x0000000751db1e58,0x0000000754e00000)
 Metaspace       used 226417K, capacity 237458K, committed 237568K, reserved 1257472K
  class space    used 26743K, capacity 28630K, committed 28672K, reserved 1048576K
Event: 8398.425 GC heap after
Heap after GC invocations=115 (full 7):
 PSYoungGen      total 518144K, used 121170K [0x0000000795580000, 0x00000007c0000000, 0x00000007c0000000)
  eden space 354816K, 0% used [0x0000000795580000,0x0000000795580000,0x00000007ab000000)
  from space 163328K, 74% used [0x00000007b5580000,0x00000007bcbd4988,0x00000007bf500000)
  to   space 169472K, 0% used [0x00000007ab000000,0x00000007ab000000,0x00000007b5580000)
 ParOldGen       total 342016K, used 292583K [0x0000000740000000, 0x0000000754e00000, 0x0000000795580000)
  object space 342016K, 85% used [0x0000000740000000,0x0000000751db9e58,0x0000000754e00000)
 Metaspace       used 226417K, capacity 237458K, committed 237568K, reserved 1257472K
  class space    used 26743K, capacity 28630K, committed 28672K, reserved 1048576K
}
Event: 8399.906 GC heap before
{Heap before GC invocations=116 (full 7):
 PSYoungGen      total 518144K, used 475986K [0x0000000795580000, 0x00000007c0000000, 0x00000007c0000000)
  eden space 354816K, 100% used [0x0000000795580000,0x00000007ab000000,0x00000007ab000000)
  from space 163328K, 74% used [0x00000007b5580000,0x00000007bcbd4988,0x00000007bf500000)
  to   space 169472K, 0% used [0x00000007ab000000,0x00000007ab000000,0x00000007b5580000)
 ParOldGen       total 342016K, used 292583K [0x0000000740000000, 0x0000000754e00000, 0x0000000795580000)
  object space 342016K, 85% used [0x0000000740000000,0x0000000751db9e58,0x0000000754e00000)
 Metaspace       used 232673K, capacity 243862K, committed 243968K, reserved 1263616K
  class space    used 27470K, capacity 29374K, committed 29440K, reserved 1048576K
Event: 8399.960 GC heap after
Heap after GC invocations=116 (full 7):
 PSYoungGen      total 524288K, used 30469K [0x0000000795580000, 0x00000007c0000000, 0x00000007c0000000)
  eden space 354816K, 0% used [0x0000000795580000,0x0000000795580000,0x00000007ab000000)
  from space 169472K, 17% used [0x00000007ab000000,0x00000007acdc1598,0x00000007b5580000)
  to   space 171008K, 0% used [0x00000007b5900000,0x00000007b5900000,0x00000007c0000000)
 ParOldGen       total 342016K, used 326775K [0x0000000740000000, 0x0000000754e00000, 0x0000000795580000)
  object space 342016K, 95% used [0x0000000740000000,0x0000000753f1def8,0x0000000754e00000)
 Metaspace       used 232673K, capacity 243862K, committed 243968K, reserved 1263616K
  class space    used 27470K, capacity 29374K, committed 29440K, reserved 1048576K
}
Event: 8399.960 GC heap before
{Heap before GC invocations=117 (full 8):
 PSYoungGen      total 524288K, used 30469K [0x0000000795580000, 0x00000007c0000000, 0x00000007c0000000)
  eden space 354816K, 0% used [0x0000000795580000,0x0000000795580000,0x00000007ab000000)
  from space 169472K, 17% used [0x00000007ab000000,0x00000007acdc1598,0x00000007b5580000)
  to   space 171008K, 0% used [0x00000007b5900000,0x00000007b5900000,0x00000007c0000000)
 ParOldGen       total 342016K, used 326775K [0x0000000740000000, 0x0000000754e00000, 0x0000000795580000)
  object space 342016K, 95% used [0x0000000740000000,0x0000000753f1def8,0x0000000754e00000)
 Metaspace       used 232673K, capacity 243862K, committed 243968K, reserved 1263616K
  class space    used 27470K, capacity 29374K, committed 29440K, reserved 1048576K
Event: 8401.160 GC heap after
Heap after GC invocations=117 (full 8):
 PSYoungGen      total 524288K, used 0K [0x0000000795580000, 0x00000007c0000000, 0x00000007c0000000)
  eden space 354816K, 0% used [0x0000000795580000,0x0000000795580000,0x00000007ab000000)
  from space 169472K, 0% used [0x00000007ab000000,0x00000007ab000000,0x00000007b5580000)
  to   space 171008K, 0% used [0x00000007b5900000,0x00000007b5900000,0x00000007c0000000)
 ParOldGen       total 365056K, used 119808K [0x0000000740000000, 0x0000000756480000, 0x0000000795580000)
  object space 365056K, 32% used [0x0000000740000000,0x0000000747500048,0x0000000756480000)
 Metaspace       used 191126K, capacity 201580K, committed 235776K, reserved 1255424K
  class space    used 22795K, capacity 24563K, committed 29440K, reserved 1048576K
}

