# JRE version: OpenJDK Runtime Environment (8.0_242) (build 1.8.0_242-release-1644-b3-6222593)
# Java VM: OpenJDK 64-Bit Server VM (25.242-b3-6222593 mixed mode bsd-amd64 compressed oops)
Heap:
 PSYoungGen      total 603648K, used 460398K [0x0000000795580000, 0x00000007bf780000, 0x00000007c0000000)
  eden space 523264K, 79% used [0x0000000795580000,0x00000007aeb9d0c0,0x00000007b5480000)
  from space 80384K, 55% used [0x00000007ba900000,0x00000007bd47e7d8,0x00000007bf780000)
  to   space 83456K, 0% used [0x00000007b5480000,0x00000007b5480000,0x00000007ba600000)
 ParOldGen       total 314368K, used 120459K [0x0000000740000000, 0x0000000753300000, 0x0000000795580000)
  object space 314368K, 38% used [0x0000000740000000,0x00000007475a2f78,0x0000000753300000)
 Metaspace       used 199038K, capacity 209748K, committed 209816K, reserved 1232896K
  class space    used 23925K, capacity 25725K, committed 25776K, reserved 1048576K
GC Heap History (10 events):
Event: 4366.515 GC heap before
{Heap before GC invocations=65 (full 5):
 PSYoungGen      total 584192K, used 508184K [0x0000000795580000, 0x00000007bfe80000, 0x00000007c0000000)
  eden space 471552K, 100% used [0x0000000795580000,0x00000007b2200000,0x00000007b2200000)
  from space 112640K, 32% used [0x00000007b2200000,0x00000007b45c6260,0x00000007b9000000)
  to   space 105984K, 0% used [0x00000007b9700000,0x00000007b9700000,0x00000007bfe80000)
 ParOldGen       total 314368K, used 120435K [0x0000000740000000, 0x0000000753300000, 0x0000000795580000)
  object space 314368K, 38% used [0x0000000740000000,0x000000074759cf78,0x0000000753300000)
 Metaspace       used 196596K, capacity 207144K, committed 207256K, reserved 1230848K
  class space    used 23703K, capacity 25473K, committed 25520K, reserved 1048576K
Event: 4366.641 GC heap after
Heap after GC invocations=65 (full 5):
 PSYoungGen      total 569856K, used 32620K [0x0000000795580000, 0x00000007bee80000, 0x00000007c0000000)
  eden space 480256K, 0% used [0x0000000795580000,0x0000000795580000,0x00000007b2a80000)
  from space 89600K, 36% used [0x00000007b9700000,0x00000007bb6db348,0x00000007bee80000)
  to   space 100352K, 0% used [0x00000007b2a80000,0x00000007b2a80000,0x00000007b8c80000)
 ParOldGen       total 314368K, used 120443K [0x0000000740000000, 0x0000000753300000, 0x0000000795580000)
  object space 314368K, 38% used [0x0000000740000000,0x000000074759ef78,0x0000000753300000)
 Metaspace       used 196596K, capacity 207144K, committed 207256K, reserved 1230848K
  class space    used 23703K, capacity 25473K, committed 25520K, reserved 1048576K
}
Event: 4471.453 GC heap before
{Heap before GC invocations=66 (full 5):
 PSYoungGen      total 569856K, used 512876K [0x0000000795580000, 0x00000007bee80000, 0x00000007c0000000)
  eden space 480256K, 100% used [0x0000000795580000,0x00000007b2a80000,0x00000007b2a80000)
  from space 89600K, 36% used [0x00000007b9700000,0x00000007bb6db348,0x00000007bee80000)
  to   space 100352K, 0% used [0x00000007b2a80000,0x00000007b2a80000,0x00000007b8c80000)
 ParOldGen       total 314368K, used 120443K [0x0000000740000000, 0x0000000753300000, 0x0000000795580000)
  object space 314368K, 38% used [0x0000000740000000,0x000000074759ef78,0x0000000753300000)
 Metaspace       used 196681K, capacity 207276K, committed 207512K, reserved 1230848K
  class space    used 23704K, capacity 25473K, committed 25520K, reserved 1048576K
Event: 4471.706 GC heap after
Heap after GC invocations=66 (full 5):
 PSYoungGen      total 580608K, used 36766K [0x0000000795580000, 0x00000007bfd80000, 0x00000007c0000000)
  eden space 480256K, 0% used [0x0000000795580000,0x0000000795580000,0x00000007b2a80000)
  from space 100352K, 36% used [0x00000007b2a80000,0x00000007b4e67960,0x00000007b8c80000)
  to   space 94720K, 0% used [0x00000007ba100000,0x00000007ba100000,0x00000007bfd80000)
 ParOldGen       total 314368K, used 120451K [0x0000000740000000, 0x0000000753300000, 0x0000000795580000)
  object space 314368K, 38% used [0x0000000740000000,0x00000007475a0f78,0x0000000753300000)
 Metaspace       used 196681K, capacity 207276K, committed 207512K, reserved 1230848K
  class space    used 23704K, capacity 25473K, committed 25520K, reserved 1048576K
}
Event: 4495.450 GC heap before
{Heap before GC invocations=67 (full 5):
 PSYoungGen      total 580608K, used 517022K [0x0000000795580000, 0x00000007bfd80000, 0x00000007c0000000)
  eden space 480256K, 100% used [0x0000000795580000,0x00000007b2a80000,0x00000007b2a80000)
  from space 100352K, 36% used [0x00000007b2a80000,0x00000007b4e67960,0x00000007b8c80000)
  to   space 94720K, 0% used [0x00000007ba100000,0x00000007ba100000,0x00000007bfd80000)
 ParOldGen       total 314368K, used 120451K [0x0000000740000000, 0x0000000753300000, 0x0000000795580000)
  object space 314368K, 38% used [0x0000000740000000,0x00000007475a0f78,0x0000000753300000)
 Metaspace       used 196837K, capacity 207408K, committed 207512K, reserved 1230848K
  class space    used 23704K, capacity 25473K, committed 25520K, reserved 1048576K
Event: 4495.513 GC heap after
Heap after GC invocations=67 (full 5):
 PSYoungGen      total 585216K, used 36475K [0x0000000795580000, 0x00000007bf080000, 0x00000007c0000000)
  eden space 503808K, 0% used [0x0000000795580000,0x0000000795580000,0x00000007b4180000)
  from space 81408K, 44% used [0x00000007ba100000,0x00000007bc49ee48,0x00000007bf080000)
  to   space 89600K, 0% used [0x00000007b4180000,0x00000007b4180000,0x00000007b9900000)
 ParOldGen       total 314368K, used 120451K [0x0000000740000000, 0x0000000753300000, 0x0000000795580000)
  object space 314368K, 38% used [0x0000000740000000,0x00000007475a0f78,0x0000000753300000)
 Metaspace       used 196837K, capacity 207408K, committed 207512K, reserved 1230848K
  class space    used 23704K, capacity 25473K, committed 25520K, reserved 1048576K
}
Event: 5756.360 GC heap before
{Heap before GC invocations=68 (full 5):
 PSYoungGen      total 585216K, used 540283K [0x0000000795580000, 0x00000007bf080000, 0x00000007c0000000)
  eden space 503808K, 100% used [0x0000000795580000,0x00000007b4180000,0x00000007b4180000)
  from space 81408K, 44% used [0x00000007ba100000,0x00000007bc49ee48,0x00000007bf080000)
  to   space 89600K, 0% used [0x00000007b4180000,0x00000007b4180000,0x00000007b9900000)
 ParOldGen       total 314368K, used 120451K [0x0000000740000000, 0x0000000753300000, 0x0000000795580000)
  object space 314368K, 38% used [0x0000000740000000,0x00000007475a0f78,0x0000000753300000)
 Metaspace       used 196902K, capacity 207472K, committed 207768K, reserved 1230848K
  class space    used 23705K, capacity 25473K, committed 25520K, reserved 1048576K
Event: 5756.709 GC heap after
Heap after GC invocations=68 (full 5):
 PSYoungGen      total 593408K, used 42930K [0x0000000795580000, 0x00000007bfd00000, 0x00000007c0000000)
  eden space 503808K, 0% used [0x0000000795580000,0x0000000795580000,0x00000007b4180000)
  from space 89600K, 47% used [0x00000007b4180000,0x00000007b6b6c8d8,0x00000007b9900000)
  to   space 86016K, 0% used [0x00000007ba900000,0x00000007ba900000,0x00000007bfd00000)
 ParOldGen       total 314368K, used 120451K [0x0000000740000000, 0x0000000753300000, 0x0000000795580000)
  object space 314368K, 38% used [0x0000000740000000,0x00000007475a0f78,0x0000000753300000)
 Metaspace       used 196902K, capacity 207472K, committed 207768K, reserved 1230848K
  class space    used 23705K, capacity 25473K, committed 25520K, reserved 1048576K
}
Event: 5944.826 GC heap before
{Heap before GC invocations=69 (full 5):
 PSYoungGen      total 593408K, used 546738K [0x0000000795580000, 0x00000007bfd00000, 0x00000007c0000000)
  eden space 503808K, 100% used [0x0000000795580000,0x00000007b4180000,0x00000007b4180000)
  from space 89600K, 47% used [0x00000007b4180000,0x00000007b6b6c8d8,0x00000007b9900000)
  to   space 86016K, 0% used [0x00000007ba900000,0x00000007ba900000,0x00000007bfd00000)
 ParOldGen       total 314368K, used 120451K [0x0000000740000000, 0x0000000753300000, 0x0000000795580000)
  object space 314368K, 38% used [0x0000000740000000,0x00000007475a0f78,0x0000000753300000)
 Metaspace       used 197171K, capacity 207866K, committed 208152K, reserved 1232896K
  class space    used 23732K, capacity 25524K, committed 25648K, reserved 1048576K
Event: 5945.990 GC heap after
Heap after GC invocations=69 (full 5):
 PSYoungGen      total 603648K, used 44537K [0x0000000795580000, 0x00000007bf780000, 0x00000007c0000000)
  eden space 523264K, 0% used [0x0000000795580000,0x0000000795580000,0x00000007b5480000)
  from space 80384K, 55% used [0x00000007ba900000,0x00000007bd47e7d8,0x00000007bf780000)
  to   space 83456K, 0% used [0x00000007b5480000,0x00000007b5480000,0x00000007ba600000)
 ParOldGen       total 314368K, used 120459K [0x0000000740000000, 0x0000000753300000, 0x0000000795580000)
  object space 314368K, 38% used [0x0000000740000000,0x00000007475a2f78,0x0000000753300000)
 Metaspace       used 197171K, capacity 207866K, committed 208152K, reserved 1232896K
  class space    used 23732K, capacity 25524K, committed 25648K, reserved 1048576K
}

