# JRE version: OpenJDK Runtime Environment (8.0_242) (build 1.8.0_242-release-1644-b3-6222593)
# Java VM: OpenJDK 64-Bit Server VM (25.242-b3-6222593 mixed mode bsd-amd64 compressed oops)
Heap:
 PSYoungGen      total 630272K, used 139856K [0x0000000795580000, 0x00000007c0000000, 0x00000007c0000000)
  eden space 567296K, 13% used [0x0000000795580000,0x000000079a09a388,0x00000007b7f80000)
  from space 62976K, 99% used [0x00000007b7f80000,0x00000007bbcf9d50,0x00000007bbd00000)
  to   space 68608K, 0% used [0x00000007bbd00000,0x00000007bbd00000,0x00000007c0000000)
 ParOldGen       total 409088K, used 302942K [0x0000000740000000, 0x0000000758f80000, 0x0000000795580000)
  object space 409088K, 74% used [0x0000000740000000,0x00000007527d7968,0x0000000758f80000)
 Metaspace       used 273517K, capacity 285566K, committed 286360K, reserved 1300480K
  class space    used 32770K, capacity 35152K, committed 35248K, reserved 1048576K
GC Heap History (10 events):
Event: 4100.867 GC heap before
{Heap before GC invocations=79 (full 6):
 PSYoungGen      total 620544K, used 571081K [0x0000000795580000, 0x00000007bfb80000, 0x00000007c0000000)
  eden space 553984K, 100% used [0x0000000795580000,0x00000007b7280000,0x00000007b7280000)
  from space 66560K, 25% used [0x00000007bba80000,0x00000007bcb32538,0x00000007bfb80000)
  to   space 70144K, 0% used [0x00000007b7280000,0x00000007b7280000,0x00000007bb700000)
 ParOldGen       total 409088K, used 258237K [0x0000000740000000, 0x0000000758f80000, 0x0000000795580000)
  object space 409088K, 63% used [0x0000000740000000,0x000000074fc2f5d8,0x0000000758f80000)
 Metaspace       used 265554K, capacity 277446K, committed 277912K, reserved 1292288K
  class space    used 31875K, capacity 34216K, committed 34224K, reserved 1048576K
Event: 4101.088 GC heap after
Heap after GC invocations=79 (full 6):
 PSYoungGen      total 624128K, used 22895K [0x0000000795580000, 0x00000007bfe80000, 0x00000007c0000000)
  eden space 553984K, 0% used [0x0000000795580000,0x0000000795580000,0x00000007b7280000)
  from space 70144K, 32% used [0x00000007b7280000,0x00000007b88dbcd8,0x00000007bb700000)
  to   space 67584K, 0% used [0x00000007bbc80000,0x00000007bbc80000,0x00000007bfe80000)
 ParOldGen       total 409088K, used 258533K [0x0000000740000000, 0x0000000758f80000, 0x0000000795580000)
  object space 409088K, 63% used [0x0000000740000000,0x000000074fc795d8,0x0000000758f80000)
 Metaspace       used 265554K, capacity 277446K, committed 277912K, reserved 1292288K
  class space    used 31875K, capacity 34216K, committed 34224K, reserved 1048576K
}
Event: 4126.674 GC heap before
{Heap before GC invocations=80 (full 6):
 PSYoungGen      total 624128K, used 576879K [0x0000000795580000, 0x00000007bfe80000, 0x00000007c0000000)
  eden space 553984K, 100% used [0x0000000795580000,0x00000007b7280000,0x00000007b7280000)
  from space 70144K, 32% used [0x00000007b7280000,0x00000007b88dbcd8,0x00000007bb700000)
  to   space 67584K, 0% used [0x00000007bbc80000,0x00000007bbc80000,0x00000007bfe80000)
 ParOldGen       total 409088K, used 258533K [0x0000000740000000, 0x0000000758f80000, 0x0000000795580000)
  object space 409088K, 63% used [0x0000000740000000,0x000000074fc795d8,0x0000000758f80000)
 Metaspace       used 265632K, capacity 277582K, committed 278168K, reserved 1294336K
  class space    used 31875K, capacity 34216K, committed 34224K, reserved 1048576K
Event: 4126.841 GC heap after
Heap after GC invocations=80 (full 6):
 PSYoungGen      total 625664K, used 16508K [0x0000000795580000, 0x00000007bfb80000, 0x00000007c0000000)
  eden space 561152K, 0% used [0x0000000795580000,0x0000000795580000,0x00000007b7980000)
  from space 64512K, 25% used [0x00000007bbc80000,0x00000007bcc9f0c0,0x00000007bfb80000)
  to   space 66560K, 0% used [0x00000007b7980000,0x00000007b7980000,0x00000007bba80000)
 ParOldGen       total 409088K, used 259748K [0x0000000740000000, 0x0000000758f80000, 0x0000000795580000)
  object space 409088K, 63% used [0x0000000740000000,0x000000074fda9160,0x0000000758f80000)
 Metaspace       used 265632K, capacity 277582K, committed 278168K, reserved 1294336K
  class space    used 31875K, capacity 34216K, committed 34224K, reserved 1048576K
}
Event: 4176.492 GC heap before
{Heap before GC invocations=81 (full 6):
 PSYoungGen      total 625664K, used 577660K [0x0000000795580000, 0x00000007bfb80000, 0x00000007c0000000)
  eden space 561152K, 100% used [0x0000000795580000,0x00000007b7980000,0x00000007b7980000)
  from space 64512K, 25% used [0x00000007bbc80000,0x00000007bcc9f0c0,0x00000007bfb80000)
  to   space 66560K, 0% used [0x00000007b7980000,0x00000007b7980000,0x00000007bba80000)
 ParOldGen       total 409088K, used 259748K [0x0000000740000000, 0x0000000758f80000, 0x0000000795580000)
  object space 409088K, 63% used [0x0000000740000000,0x000000074fda9160,0x0000000758f80000)
 Metaspace       used 265661K, capacity 277582K, committed 278168K, reserved 1294336K
  class space    used 31875K, capacity 34216K, committed 34224K, reserved 1048576K
Event: 4176.623 GC heap after
Heap after GC invocations=81 (full 6):
 PSYoungGen      total 627712K, used 17009K [0x0000000795580000, 0x00000007bff00000, 0x00000007c0000000)
  eden space 561152K, 0% used [0x0000000795580000,0x0000000795580000,0x00000007b7980000)
  from space 66560K, 25% used [0x00000007b7980000,0x00000007b8a1c500,0x00000007bba80000)
  to   space 65024K, 0% used [0x00000007bbf80000,0x00000007bbf80000,0x00000007bff00000)
 ParOldGen       total 409088K, used 259772K [0x0000000740000000, 0x0000000758f80000, 0x0000000795580000)
  object space 409088K, 63% used [0x0000000740000000,0x000000074fdaf160,0x0000000758f80000)
 Metaspace       used 265661K, capacity 277582K, committed 278168K, reserved 1294336K
  class space    used 31875K, capacity 34216K, committed 34224K, reserved 1048576K
}
Event: 4241.688 GC heap before
{Heap before GC invocations=82 (full 6):
 PSYoungGen      total 627712K, used 578161K [0x0000000795580000, 0x00000007bff00000, 0x00000007c0000000)
  eden space 561152K, 100% used [0x0000000795580000,0x00000007b7980000,0x00000007b7980000)
  from space 66560K, 25% used [0x00000007b7980000,0x00000007b8a1c500,0x00000007bba80000)
  to   space 65024K, 0% used [0x00000007bbf80000,0x00000007bbf80000,0x00000007bff00000)
 ParOldGen       total 409088K, used 259772K [0x0000000740000000, 0x0000000758f80000, 0x0000000795580000)
  object space 409088K, 63% used [0x0000000740000000,0x000000074fdaf160,0x0000000758f80000)
 Metaspace       used 265697K, capacity 277586K, committed 278168K, reserved 1294336K
  class space    used 31876K, capacity 34216K, committed 34224K, reserved 1048576K
Event: 4241.839 GC heap after
Heap after GC invocations=82 (full 6):
 PSYoungGen      total 627712K, used 18205K [0x0000000795580000, 0x00000007bfa80000, 0x00000007c0000000)
  eden space 567296K, 0% used [0x0000000795580000,0x0000000795580000,0x00000007b7f80000)
  from space 60416K, 30% used [0x00000007bbf80000,0x00000007bd1474a8,0x00000007bfa80000)
  to   space 62976K, 0% used [0x00000007b7f80000,0x00000007b7f80000,0x00000007bbd00000)
 ParOldGen       total 409088K, used 259796K [0x0000000740000000, 0x0000000758f80000, 0x0000000795580000)
  object space 409088K, 63% used [0x0000000740000000,0x000000074fdb5160,0x0000000758f80000)
 Metaspace       used 265697K, capacity 277586K, committed 278168K, reserved 1294336K
  class space    used 31876K, capacity 34216K, committed 34224K, reserved 1048576K
}
Event: 4454.841 GC heap before
{Heap before GC invocations=83 (full 6):
 PSYoungGen      total 627712K, used 585501K [0x0000000795580000, 0x00000007bfa80000, 0x00000007c0000000)
  eden space 567296K, 100% used [0x0000000795580000,0x00000007b7f80000,0x00000007b7f80000)
  from space 60416K, 30% used [0x00000007bbf80000,0x00000007bd1474a8,0x00000007bfa80000)
  to   space 62976K, 0% used [0x00000007b7f80000,0x00000007b7f80000,0x00000007bbd00000)
 ParOldGen       total 409088K, used 259796K [0x0000000740000000, 0x0000000758f80000, 0x0000000795580000)
  object space 409088K, 63% used [0x0000000740000000,0x000000074fdb5160,0x0000000758f80000)
 Metaspace       used 273514K, capacity 285562K, committed 286360K, reserved 1300480K
  class space    used 32770K, capacity 35152K, committed 35248K, reserved 1048576K
Event: 4456.093 GC heap after
Heap after GC invocations=83 (full 6):
 PSYoungGen      total 630272K, used 62951K [0x0000000795580000, 0x00000007c0000000, 0x00000007c0000000)
  eden space 567296K, 0% used [0x0000000795580000,0x0000000795580000,0x00000007b7f80000)
  from space 62976K, 99% used [0x00000007b7f80000,0x00000007bbcf9d50,0x00000007bbd00000)
  to   space 68608K, 0% used [0x00000007bbd00000,0x00000007bbd00000,0x00000007c0000000)
 ParOldGen       total 409088K, used 302942K [0x0000000740000000, 0x0000000758f80000, 0x0000000795580000)
  object space 409088K, 74% used [0x0000000740000000,0x00000007527d7968,0x0000000758f80000)
 Metaspace       used 273514K, capacity 285562K, committed 286360K, reserved 1300480K
  class space    used 32770K, capacity 35152K, committed 35248K, reserved 1048576K
}

